{
  "RSpec": {
    "coverage": {
      "/Users/Apprentice/Desktop/NewsShark_Wednesday/config/environment.rb": [
        null,
        1,
        null,
        null,
        1
      ],
      "/Users/Apprentice/Desktop/NewsShark_Wednesday/config/application.rb": [
        1,
        null,
        null,
        1,
        1,
        1,
        1,
        1,
        1,
        null,
        null,
        1,
        null,
        1,
        null,
        null,
        null,
        null,
        1,
        1,
        null,
        null,
        null,
        null,
        null,
        null,
        null,
        null,
        null,
        null,
        null,
        null,
        null,
        null,
        null,
        null,
        null,
        null,
        null,
        null,
        null,
        null,
        null,
        1,
        null,
        null,
        1,
        null,
        null,
        1,
        null,
        null,
        null,
        null,
        null,
        null,
        null,
        null,
        null,
        null,
        1,
        null,
        null,
        1,
        null,
        null,
        1,
        null,
        null,
        null,
        1,
        null,
        null
      ],
      "/Users/Apprentice/Desktop/NewsShark_Wednesday/config/boot.rb": [
        1,
        null,
        null,
        1,
        null,
        1
      ],
      "/Users/Apprentice/Desktop/NewsShark_Wednesday/config/environments/test.rb": [
        1,
        null,
        null,
        null,
        null,
        null,
        null,
        1,
        null,
        null,
        1,
        1,
        null,
        null,
        1,
        null,
        null,
        1,
        1,
        null,
        null,
        1,
        null,
        null,
        1,
        null,
        null,
        null,
        null,
        1,
        null,
        null,
        1,
        null,
        null,
        1,
        null
      ],
      "/Users/Apprentice/Desktop/NewsShark_Wednesday/config/initializers/backtrace_silencers.rb": [
        null,
        null,
        null,
        null,
        null,
        null,
        null
      ],
      "/Users/Apprentice/Desktop/NewsShark_Wednesday/config/initializers/inflections.rb": [
        null,
        null,
        null,
        null,
        null,
        null,
        null,
        null,
        null,
        null,
        null,
        null,
        null,
        null,
        null
      ],
      "/Users/Apprentice/Desktop/NewsShark_Wednesday/config/initializers/mime_types.rb": [
        null,
        null,
        null,
        null,
        null
      ],
      "/Users/Apprentice/Desktop/NewsShark_Wednesday/config/initializers/secret_token.rb": [
        null,
        null,
        null,
        null,
        null,
        null,
        1
      ],
      "/Users/Apprentice/Desktop/NewsShark_Wednesday/config/initializers/session_store.rb": [
        null,
        null,
        1,
        null,
        null,
        null,
        null,
        null
      ],
      "/Users/Apprentice/Desktop/NewsShark_Wednesday/config/initializers/sidekiq.rb": [
        1,
        0,
        0,
        null,
        null,
        0,
        0,
        null,
        null
      ],
      "/Users/Apprentice/Desktop/NewsShark_Wednesday/config/initializers/wrap_parameters.rb": [
        null,
        null,
        null,
        null,
        null,
        null,
        1,
        1,
        null,
        null,
        null,
        1,
        1,
        null
      ],
      "/Users/Apprentice/Desktop/NewsShark_Wednesday/app/controllers/application_controller.rb": [
        1,
        1,
        1,
        null,
        1,
        null,
        1,
        null,
        1,
        20,
        5,
        null,
        null,
        null
      ],
      "/Users/Apprentice/Desktop/NewsShark_Wednesday/app/helpers/application_helper.rb": [
        1,
        null
      ],
      "/Users/Apprentice/Desktop/NewsShark_Wednesday/app/helpers/sessions_helper.rb": [
        1,
        null,
        1,
        15,
        null,
        null,
        1,
        19,
        null,
        null,
        1,
        0,
        null,
        null,
        1,
        0,
        null,
        null,
        1,
        30,
        null,
        null,
        1,
        0,
        0,
        null,
        null
      ],
      "/Users/Apprentice/Desktop/NewsShark_Wednesday/app/controllers/articles_controller.rb": [
        1,
        null,
        1,
        4,
        4,
        null,
        4,
        4,
        4,
        null,
        4,
        null,
        4,
        null,
        null,
        null
      ],
      "/Users/Apprentice/Desktop/NewsShark_Wednesday/app/models/article.rb": [
        1,
        null,
        1,
        null,
        1,
        1,
        1,
        1,
        1,
        1,
        479,
        null,
        null,
        1,
        479,
        479,
        null,
        null,
        null,
        1,
        14,
        14,
        null,
        null,
        1,
        31,
        31,
        null,
        31,
        4,
        1,
        null,
        null,
        null,
        31,
        null,
        null,
        1,
        1,
        1,
        null,
        1,
        null,
        1,
        1,
        5,
        1,
        4,
        null,
        null,
        null,
        1,
        1,
        null,
        null,
        0,
        null,
        null,
        null,
        null,
        null,
        null
      ],
      "/Users/Apprentice/Desktop/NewsShark_Wednesday/app/controllers/channels_controller.rb": [
        1,
        1,
        2,
        2,
        2,
        1,
        null,
        1,
        1,
        null,
        null,
        null,
        1,
        null,
        null,
        2,
        2,
        2,
        2,
        null,
        null,
        1,
        2,
        2,
        2,
        null,
        null
      ],
      "/Users/Apprentice/Desktop/NewsShark_Wednesday/app/models/channel.rb": [
        1,
        null,
        1,
        null,
        1,
        null,
        1,
        1,
        null,
        1,
        null,
        1,
        null,
        1,
        null,
        1,
        null,
        1,
        6,
        null,
        null,
        1,
        5,
        null,
        null,
        1,
        1,
        null,
        null,
        1,
        24,
        24,
        366,
        366,
        null,
        null,
        null,
        null,
        null,
        1,
        5,
        5,
        null,
        null,
        null,
        1,
        5,
        null,
        null,
        1,
        5,
        6,
        null,
        null,
        null,
        1,
        11,
        11,
        11,
        null,
        null,
        null,
        null,
        null,
        null
      ],
      "/Users/Apprentice/Desktop/NewsShark_Wednesday/app/controllers/sessions_controller.rb": [
        1,
        1,
        null,
        1,
        null,
        null,
        null,
        1,
        7,
        7,
        3,
        3,
        null,
        4,
        null,
        null,
        null,
        1,
        1,
        1,
        null,
        null
      ],
      "/Users/Apprentice/Desktop/NewsShark_Wednesday/app/controllers/users_controller.rb": [
        1,
        1,
        null,
        1,
        4,
        null,
        null,
        1,
        6,
        6,
        3,
        3,
        null,
        3,
        null,
        null,
        null,
        1,
        4,
        4,
        4,
        null,
        null
      ],
      "/Users/Apprentice/Desktop/NewsShark_Wednesday/app/models/user.rb": [
        1,
        null,
        1,
        null,
        1,
        null,
        1,
        null,
        1,
        null
      ],
      "/Users/Apprentice/Desktop/NewsShark_Wednesday/app/models/news_scraper.rb": [
        1,
        null,
        1,
        24,
        24,
        null,
        24,
        1626,
        366,
        366,
        366,
        366,
        366,
        366,
        null,
        null,
        null,
        null,
        null,
        24,
        null,
        null,
        1,
        1,
        null,
        null,
        1,
        1,
        1626,
        null,
        null,
        null
      ],
      "/Users/Apprentice/Desktop/NewsShark_Wednesday/app/models/recommender.rb": [
        1,
        null,
        1,
        null,
        1,
        5,
        null,
        null,
        1,
        5,
        5,
        5,
        2,
        30,
        null,
        null,
        5,
        null,
        null,
        1,
        3,
        null,
        3,
        7,
        3,
        4,
        null,
        null,
        3,
        null,
        null,
        null
      ],
      "/Users/Apprentice/Desktop/NewsShark_Wednesday/app/workers/article_worker.rb": [
        1,
        1,
        null,
        1,
        0,
        0,
        null,
        null
      ],
      "/Users/Apprentice/Desktop/NewsShark_Wednesday/spec/factories.rb": [
        1,
        1,
        40,
        40,
        40,
        1,
        1,
        null,
        null,
        1,
        1,
        1,
        null,
        1,
        1,
        112,
        null,
        null,
        null,
        null,
        1,
        114,
        114,
        1,
        null,
        null,
        null
      ],
      "/Users/Apprentice/Desktop/NewsShark_Wednesday/config/routes.rb": [
        1,
        null,
        1,
        1,
        null,
        null,
        null,
        null,
        1,
        1,
        1,
        null,
        null,
        1,
        null,
        1,
        null,
        null,
        null
      ],
      "/Users/Apprentice/Desktop/NewsShark_Wednesday/spec/controllers/channels_controller_spec.rb": [
        1,
        1,
        1,
        null,
        1,
        8,
        null,
        1,
        2,
        3,
        null,
        1,
        2,
        null,
        1,
        1,
        1,
        2,
        null,
        null,
        null,
        null,
        1,
        null,
        1,
        1,
        1,
        1,
        null,
        null,
        1,
        1,
        1,
        1,
        null,
        null,
        null,
        null,
        null,
        1,
        3,
        3,
        null,
        3,
        3,
        null,
        1,
        1,
        null,
        null,
        1,
        1,
        1,
        1,
        1,
        null,
        null,
        null,
        null,
        1,
        3,
        3,
        null,
        3,
        null,
        1,
        1,
        1,
        2,
        null,
        null,
        1,
        1,
        1,
        null,
        null,
        null
      ],
      "/Users/Apprentice/Desktop/NewsShark_Wednesday/spec/controllers/sessions_controller_spec.rb": [
        1,
        null,
        null,
        1,
        1,
        8,
        null,
        6,
        3,
        null,
        1,
        3,
        1,
        0,
        null,
        null,
        1,
        0,
        null,
        null,
        null,
        1,
        1,
        1,
        1,
        null,
        null,
        1,
        1,
        1,
        null,
        null,
        1,
        1,
        1,
        1,
        null,
        null,
        1,
        1,
        1,
        null,
        null,
        1,
        1,
        1,
        1,
        null,
        null,
        null,
        null,
        null,
        1,
        1,
        1,
        1,
        1,
        1,
        null,
        null,
        1,
        1,
        0,
        null,
        null,
        null,
        1,
        1,
        1,
        1,
        1,
        null,
        null,
        null,
        null
      ],
      "/Users/Apprentice/Desktop/NewsShark_Wednesday/spec/controllers/users_controller_spec.rb": [
        1,
        null,
        1,
        null,
        1,
        1,
        3,
        1,
        1,
        1,
        1,
        0,
        null,
        null,
        null,
        1,
        1,
        1,
        1,
        1,
        null,
        null,
        null,
        null,
        1,
        1,
        1,
        1,
        null,
        null,
        null,
        1,
        3,
        3,
        null,
        1,
        1,
        1,
        1,
        2,
        null,
        1,
        1,
        1,
        null,
        null,
        null,
        1,
        1,
        1,
        1,
        2,
        null,
        1,
        1,
        1,
        null,
        null,
        null,
        null,
        1,
        3,
        3,
        3,
        null,
        1,
        1,
        1,
        null,
        null,
        1,
        1,
        1,
        null,
        null,
        null,
        null
      ],
      "/Users/Apprentice/Desktop/NewsShark_Wednesday/spec/features/user_features_spec.rb": [
        1,
        null,
        1,
        1,
        1,
        1,
        1,
        1,
        1,
        1,
        1,
        1,
        1,
        null,
        null,
        1,
        1,
        1,
        1,
        1,
        1,
        1,
        1,
        1,
        null,
        null,
        null,
        null,
        1,
        1,
        1,
        null,
        1,
        1,
        0,
        0,
        0,
        0,
        null,
        null,
        null,
        1,
        1,
        1,
        0,
        0,
        0,
        0,
        null,
        null,
        null,
        null,
        1,
        1,
        1,
        1,
        null,
        null,
        null,
        1,
        1,
        null,
        1,
        1,
        0,
        0,
        0,
        0,
        0,
        null,
        null
      ],
      "/Users/Apprentice/Desktop/NewsShark_Wednesday/spec/models/article_spec.rb": [
        1,
        1,
        null,
        1,
        2,
        2,
        2,
        null,
        1,
        2,
        null,
        1,
        1,
        1,
        2,
        null,
        null,
        null,
        1,
        2,
        1,
        1,
        1,
        null,
        2,
        null,
        null,
        null,
        null,
        null,
        1,
        2,
        2,
        null,
        1,
        1,
        1,
        1,
        null,
        1,
        null,
        null,
        null,
        null,
        1,
        1,
        1,
        null,
        null,
        null,
        null,
        null
      ],
      "/Users/Apprentice/Desktop/NewsShark_Wednesday/spec/models/channel_spec.rb": [
        1,
        1,
        null,
        1,
        1,
        2,
        2,
        null,
        null,
        1,
        6,
        null,
        1,
        1,
        1,
        1,
        null,
        null,
        1,
        1,
        1,
        1,
        null,
        null,
        null,
        null,
        1,
        2,
        1,
        1,
        1,
        null,
        null,
        null,
        1,
        3,
        3,
        3,
        3,
        null,
        1,
        1,
        1,
        null,
        2,
        null,
        null,
        1,
        1,
        1,
        null,
        2,
        null,
        null,
        null,
        null,
        null,
        null,
        1,
        2,
        null,
        1,
        1,
        1,
        1,
        null,
        2,
        null,
        null,
        null,
        null,
        null,
        null
      ],
      "/Users/Apprentice/Desktop/NewsShark_Wednesday/spec/models/recommender_spec.rb": [
        1,
        1,
        null,
        1,
        6,
        null,
        1,
        1,
        1,
        1,
        1,
        5,
        null,
        1,
        null,
        null,
        null,
        1,
        1,
        1,
        1,
        2,
        null,
        1,
        null,
        null,
        null,
        null,
        1,
        1,
        1,
        null,
        null,
        1,
        1,
        16,
        1,
        null,
        null,
        null,
        1,
        1,
        1,
        null,
        null,
        null,
        1,
        null,
        null,
        null,
        null,
        null,
        null
      ],
      "/Users/Apprentice/Desktop/NewsShark_Wednesday/spec/models/user_spec.rb": [
        1,
        null,
        1,
        1,
        2,
        2,
        2,
        2,
        2,
        2,
        null,
        null,
        1,
        1,
        1,
        1,
        1,
        0,
        null,
        null,
        null
      ]
    },
    "timestamp": 1380747170
  }
}
